# JRE version: OpenJDK Runtime Environment (8.0_242-b01) (build 1.8.0_242-release-1644-b01)
# Java VM: OpenJDK 64-Bit Server VM (25.242-b01 mixed mode windows-amd64 compressed oops)
Heap:
 PSYoungGen      total 192000K, used 150589K [0x00000000e0000000, 0x00000000edf00000, 0x0000000100000000)
  eden space 174592K, 81% used [0x00000000e0000000,0x00000000e8b79140,0x00000000eaa80000)
  from space 17408K, 44% used [0x00000000ec080000,0x00000000ec8162e0,0x00000000ed180000)
  to   space 22528K, 0% used [0x00000000eaa80000,0x00000000eaa80000,0x00000000ec080000)
 ParOldGen       total 232448K, used 91299K [0x00000000a0000000, 0x00000000ae300000, 0x00000000e0000000)
  object space 232448K, 39% used [0x00000000a0000000,0x00000000a5928d78,0x00000000ae300000)
 Metaspace       used 69295K, capacity 72272K, committed 72472K, reserved 1112064K
  class space    used 9305K, capacity 9991K, committed 10024K, reserved 1048576K
GC Heap History (10 events):
Event: 6.187 GC heap before
{Heap before GC invocations=13 (full 3):
 PSYoungGen      total 197120K, used 174592K [0x00000000e0000000, 0x00000000edf00000, 0x0000000100000000)
  eden space 174592K, 100% used [0x00000000e0000000,0x00000000eaa80000,0x00000000eaa80000)
  from space 22528K, 0% used [0x00000000eaa80000,0x00000000eaa80000,0x00000000ec080000)
  to   space 17408K, 0% used [0x00000000ec080000,0x00000000ec080000,0x00000000ed180000)
 ParOldGen       total 232448K, used 33051K [0x00000000a0000000, 0x00000000ae300000, 0x00000000e0000000)
  object space 232448K, 14% used [0x00000000a0000000,0x00000000a2046e68,0x00000000ae300000)
 Metaspace       used 63502K, capacity 66310K, committed 66456K, reserved 1105920K
  class space    used 8639K, capacity 9269K, committed 9384K, reserved 1048576K
Event: 6.195 GC heap after
Heap after GC invocations=13 (full 3):
 PSYoungGen      total 192000K, used 17174K [0x00000000e0000000, 0x00000000edf00000, 0x0000000100000000)
  eden space 174592K, 0% used [0x00000000e0000000,0x00000000e0000000,0x00000000eaa80000)
  from space 17408K, 98% used [0x00000000ec080000,0x00000000ed145940,0x00000000ed180000)
  to   space 22528K, 0% used [0x00000000eaa80000,0x00000000eaa80000,0x00000000ec080000)
 ParOldGen       total 232448K, used 33059K [0x00000000a0000000, 0x00000000ae300000, 0x00000000e0000000)
  object space 232448K, 14% used [0x00000000a0000000,0x00000000a2048e68,0x00000000ae300000)
 Metaspace       used 63502K, capacity 66310K, committed 66456K, reserved 1105920K
  class space    used 8639K, capacity 9269K, committed 9384K, reserved 1048576K
}
Event: 6.398 GC heap before
{Heap before GC invocations=14 (full 3):
 PSYoungGen      total 192000K, used 191766K [0x00000000e0000000, 0x00000000edf00000, 0x0000000100000000)
  eden space 174592K, 100% used [0x00000000e0000000,0x00000000eaa80000,0x00000000eaa80000)
  from space 17408K, 98% used [0x00000000ec080000,0x00000000ed145940,0x00000000ed180000)
  to   space 22528K, 0% used [0x00000000eaa80000,0x00000000eaa80000,0x00000000ec080000)
 ParOldGen       total 232448K, used 33059K [0x00000000a0000000, 0x00000000ae300000, 0x00000000e0000000)
  object space 232448K, 14% used [0x00000000a0000000,0x00000000a2048e68,0x00000000ae300000)
 Metaspace       used 66323K, capacity 69302K, committed 69400K, reserved 1110016K
  class space    used 8997K, capacity 9686K, committed 9768K, reserved 1048576K
Event: 6.413 GC heap after
Heap after GC invocations=14 (full 3):
 PSYoungGen      total 197120K, used 22498K [0x00000000e0000000, 0x00000000edf00000, 0x0000000100000000)
  eden space 174592K, 0% used [0x00000000e0000000,0x00000000e0000000,0x00000000eaa80000)
  from space 22528K, 99% used [0x00000000eaa80000,0x00000000ec078850,0x00000000ec080000)
  to   space 17408K, 0% used [0x00000000ec080000,0x00000000ec080000,0x00000000ed180000)
 ParOldGen       total 232448K, used 51713K [0x00000000a0000000, 0x00000000ae300000, 0x00000000e0000000)
  object space 232448K, 22% used [0x00000000a0000000,0x00000000a3280490,0x00000000ae300000)
 Metaspace       used 66323K, capacity 69302K, committed 69400K, reserved 1110016K
  class space    used 8997K, capacity 9686K, committed 9768K, reserved 1048576K
}
Event: 6.593 GC heap before
{Heap before GC invocations=15 (full 3):
 PSYoungGen      total 197120K, used 197090K [0x00000000e0000000, 0x00000000edf00000, 0x0000000100000000)
  eden space 174592K, 100% used [0x00000000e0000000,0x00000000eaa80000,0x00000000eaa80000)
  from space 22528K, 99% used [0x00000000eaa80000,0x00000000ec078850,0x00000000ec080000)
  to   space 17408K, 0% used [0x00000000ec080000,0x00000000ec080000,0x00000000ed180000)
 ParOldGen       total 232448K, used 51713K [0x00000000a0000000, 0x00000000ae300000, 0x00000000e0000000)
  object space 232448K, 22% used [0x00000000a0000000,0x00000000a3280490,0x00000000ae300000)
 Metaspace       used 67042K, capacity 70008K, committed 70168K, reserved 1110016K
  class space    used 9059K, capacity 9751K, committed 9768K, reserved 1048576K
Event: 6.606 GC heap after
Heap after GC invocations=15 (full 3):
 PSYoungGen      total 192000K, used 11079K [0x00000000e0000000, 0x00000000edf00000, 0x0000000100000000)
  eden space 174592K, 0% used [0x00000000e0000000,0x00000000e0000000,0x00000000eaa80000)
  from space 17408K, 63% used [0x00000000ec080000,0x00000000ecb51c08,0x00000000ed180000)
  to   space 22528K, 0% used [0x00000000eaa80000,0x00000000eaa80000,0x00000000ec080000)
 ParOldGen       total 232448K, used 73995K [0x00000000a0000000, 0x00000000ae300000, 0x00000000e0000000)
  object space 232448K, 31% used [0x00000000a0000000,0x00000000a4842d68,0x00000000ae300000)
 Metaspace       used 67042K, capacity 70008K, committed 70168K, reserved 1110016K
  class space    used 9059K, capacity 9751K, committed 9768K, reserved 1048576K
}
Event: 6.716 GC heap before
{Heap before GC invocations=16 (full 3):
 PSYoungGen      total 192000K, used 185671K [0x00000000e0000000, 0x00000000edf00000, 0x0000000100000000)
  eden space 174592K, 100% used [0x00000000e0000000,0x00000000eaa80000,0x00000000eaa80000)
  from space 17408K, 63% used [0x00000000ec080000,0x00000000ecb51c08,0x00000000ed180000)
  to   space 22528K, 0% used [0x00000000eaa80000,0x00000000eaa80000,0x00000000ec080000)
 ParOldGen       total 232448K, used 73995K [0x00000000a0000000, 0x00000000ae300000, 0x00000000e0000000)
  object space 232448K, 31% used [0x00000000a0000000,0x00000000a4842d68,0x00000000ae300000)
 Metaspace       used 68713K, capacity 71554K, committed 71960K, reserved 1112064K
  class space    used 9243K, capacity 9924K, committed 10024K, reserved 1048576K
Event: 6.722 GC heap after
Heap after GC invocations=16 (full 3):
 PSYoungGen      total 197120K, used 7642K [0x00000000e0000000, 0x00000000edf00000, 0x0000000100000000)
  eden space 174592K, 0% used [0x00000000e0000000,0x00000000e0000000,0x00000000eaa80000)
  from space 22528K, 33% used [0x00000000eaa80000,0x00000000eb1f6bd0,0x00000000ec080000)
  to   space 17408K, 0% used [0x00000000ec080000,0x00000000ec080000,0x00000000ed180000)
 ParOldGen       total 232448K, used 84462K [0x00000000a0000000, 0x00000000ae300000, 0x00000000e0000000)
  object space 232448K, 36% used [0x00000000a0000000,0x00000000a527b948,0x00000000ae300000)
 Metaspace       used 68713K, capacity 71554K, committed 71960K, reserved 1112064K
  class space    used 9243K, capacity 9924K, committed 10024K, reserved 1048576K
}
Event: 6.815 GC heap before
{Heap before GC invocations=17 (full 3):
 PSYoungGen      total 197120K, used 182234K [0x00000000e0000000, 0x00000000edf00000, 0x0000000100000000)
  eden space 174592K, 100% used [0x00000000e0000000,0x00000000eaa80000,0x00000000eaa80000)
  from space 22528K, 33% used [0x00000000eaa80000,0x00000000eb1f6bd0,0x00000000ec080000)
  to   space 17408K, 0% used [0x00000000ec080000,0x00000000ec080000,0x00000000ed180000)
 ParOldGen       total 232448K, used 84462K [0x00000000a0000000, 0x00000000ae300000, 0x00000000e0000000)
  object space 232448K, 36% used [0x00000000a0000000,0x00000000a527b948,0x00000000ae300000)
 Metaspace       used 69228K, capacity 72144K, committed 72472K, reserved 1112064K
  class space    used 9300K, capacity 9991K, committed 10024K, reserved 1048576K
Event: 6.820 GC heap after
Heap after GC invocations=17 (full 3):
 PSYoungGen      total 192000K, used 7768K [0x00000000e0000000, 0x00000000edf00000, 0x0000000100000000)
  eden space 174592K, 0% used [0x00000000e0000000,0x00000000e0000000,0x00000000eaa80000)
  from space 17408K, 44% used [0x00000000ec080000,0x00000000ec8162e0,0x00000000ed180000)
  to   space 22528K, 0% used [0x00000000eaa80000,0x00000000eaa80000,0x00000000ec080000)
 ParOldGen       total 232448K, used 91299K [0x00000000a0000000, 0x00000000ae300000, 0x00000000e0000000)
  object space 232448K, 39% used [0x00000000a0000000,0x00000000a5928d78,0x00000000ae300000)
 Metaspace       used 69228K, capacity 72144K, committed 72472K, reserved 1112064K
  class space    used 9300K, capacity 9991K, committed 10024K, reserved 1048576K
}

