# JRE version: OpenJDK Runtime Environment (8.0_242-b01) (build 1.8.0_242-release-1644-b01)
# Java VM: OpenJDK 64-Bit Server VM (25.242-b01 mixed mode windows-amd64 compressed oops)
Heap:
 PSYoungGen      total 216576K, used 72147K [0x00000000e0000000, 0x00000000f0580000, 0x0000000100000000)
  eden space 188416K, 35% used [0x00000000e0000000,0x00000000e40c8b48,0x00000000eb800000)
  from space 28160K, 20% used [0x00000000eb800000,0x00000000ebdac0e0,0x00000000ed380000)
  to   space 23552K, 0% used [0x00000000ed380000,0x00000000ed380000,0x00000000eea80000)
 ParOldGen       total 301568K, used 105022K [0x00000000a0000000, 0x00000000b2680000, 0x00000000e0000000)
  object space 301568K, 34% used [0x00000000a0000000,0x00000000a668fb88,0x00000000b2680000)
 Metaspace       used 68438K, capacity 71422K, committed 71592K, reserved 1112064K
  class space    used 9196K, capacity 9890K, committed 9896K, reserved 1048576K
GC Heap History (10 events):
Event: 6.076 GC heap before
{Heap before GC invocations=14 (full 3):
 PSYoungGen      total 211968K, used 211967K [0x00000000e0000000, 0x00000000f0580000, 0x0000000100000000)
  eden space 188416K, 100% used [0x00000000e0000000,0x00000000eb800000,0x00000000eb800000)
  from space 23552K, 99% used [0x00000000ed380000,0x00000000eea7fd48,0x00000000eea80000)
  to   space 28160K, 0% used [0x00000000eb800000,0x00000000eb800000,0x00000000ed380000)
 ParOldGen       total 301568K, used 45632K [0x00000000a0000000, 0x00000000b2680000, 0x00000000e0000000)
  object space 301568K, 15% used [0x00000000a0000000,0x00000000a2c90278,0x00000000b2680000)
 Metaspace       used 65505K, capacity 68632K, committed 68776K, reserved 1107968K
  class space    used 8861K, capacity 9583K, committed 9640K, reserved 1048576K
Event: 6.086 GC heap after
Heap after GC invocations=14 (full 3):
 PSYoungGen      total 216576K, used 28159K [0x00000000e0000000, 0x00000000f0580000, 0x0000000100000000)
  eden space 188416K, 0% used [0x00000000e0000000,0x00000000e0000000,0x00000000eb800000)
  from space 28160K, 99% used [0x00000000eb800000,0x00000000ed37ff70,0x00000000ed380000)
  to   space 23552K, 0% used [0x00000000ed380000,0x00000000ed380000,0x00000000eea80000)
 ParOldGen       total 301568K, used 52106K [0x00000000a0000000, 0x00000000b2680000, 0x00000000e0000000)
  object space 301568K, 17% used [0x00000000a0000000,0x00000000a32e2ac8,0x00000000b2680000)
 Metaspace       used 65505K, capacity 68632K, committed 68776K, reserved 1107968K
  class space    used 8861K, capacity 9583K, committed 9640K, reserved 1048576K
}
Event: 6.188 GC heap before
{Heap before GC invocations=15 (full 3):
 PSYoungGen      total 216576K, used 216575K [0x00000000e0000000, 0x00000000f0580000, 0x0000000100000000)
  eden space 188416K, 100% used [0x00000000e0000000,0x00000000eb800000,0x00000000eb800000)
  from space 28160K, 99% used [0x00000000eb800000,0x00000000ed37ff70,0x00000000ed380000)
  to   space 23552K, 0% used [0x00000000ed380000,0x00000000ed380000,0x00000000eea80000)
 ParOldGen       total 301568K, used 52106K [0x00000000a0000000, 0x00000000b2680000, 0x00000000e0000000)
  object space 301568K, 17% used [0x00000000a0000000,0x00000000a32e2ac8,0x00000000b2680000)
 Metaspace       used 66022K, capacity 69054K, committed 69416K, reserved 1110016K
  class space    used 8938K, capacity 9654K, committed 9768K, reserved 1048576K
Event: 6.200 GC heap after
Heap after GC invocations=15 (full 3):
 PSYoungGen      total 211968K, used 23549K [0x00000000e0000000, 0x00000000f0580000, 0x0000000100000000)
  eden space 188416K, 0% used [0x00000000e0000000,0x00000000e0000000,0x00000000eb800000)
  from space 23552K, 99% used [0x00000000ed380000,0x00000000eea7f750,0x00000000eea80000)
  to   space 28160K, 0% used [0x00000000eb800000,0x00000000eb800000,0x00000000ed380000)
 ParOldGen       total 301568K, used 67060K [0x00000000a0000000, 0x00000000b2680000, 0x00000000e0000000)
  object space 301568K, 22% used [0x00000000a0000000,0x00000000a417d2b0,0x00000000b2680000)
 Metaspace       used 66022K, capacity 69054K, committed 69416K, reserved 1110016K
  class space    used 8938K, capacity 9654K, committed 9768K, reserved 1048576K
}
Event: 6.279 GC heap before
{Heap before GC invocations=16 (full 3):
 PSYoungGen      total 211968K, used 211965K [0x00000000e0000000, 0x00000000f0580000, 0x0000000100000000)
  eden space 188416K, 100% used [0x00000000e0000000,0x00000000eb800000,0x00000000eb800000)
  from space 23552K, 99% used [0x00000000ed380000,0x00000000eea7f750,0x00000000eea80000)
  to   space 28160K, 0% used [0x00000000eb800000,0x00000000eb800000,0x00000000ed380000)
 ParOldGen       total 301568K, used 67061K [0x00000000a0000000, 0x00000000b2680000, 0x00000000e0000000)
  object space 301568K, 22% used [0x00000000a0000000,0x00000000a417d708,0x00000000b2680000)
 Metaspace       used 66927K, capacity 69916K, committed 70312K, reserved 1110016K
  class space    used 9079K, capacity 9787K, committed 9896K, reserved 1048576K
Event: 6.287 GC heap after
Heap after GC invocations=16 (full 3):
 PSYoungGen      total 216576K, used 22263K [0x00000000e0000000, 0x00000000f0580000, 0x0000000100000000)
  eden space 188416K, 0% used [0x00000000e0000000,0x00000000e0000000,0x00000000eb800000)
  from space 28160K, 79% used [0x00000000eb800000,0x00000000ecdbdfd0,0x00000000ed380000)
  to   space 23552K, 0% used [0x00000000ed380000,0x00000000ed380000,0x00000000eea80000)
 ParOldGen       total 301568K, used 77597K [0x00000000a0000000, 0x00000000b2680000, 0x00000000e0000000)
  object space 301568K, 25% used [0x00000000a0000000,0x00000000a4bc74d0,0x00000000b2680000)
 Metaspace       used 66927K, capacity 69916K, committed 70312K, reserved 1110016K
  class space    used 9079K, capacity 9787K, committed 9896K, reserved 1048576K
}
Event: 6.390 GC heap before
{Heap before GC invocations=17 (full 3):
 PSYoungGen      total 216576K, used 210679K [0x00000000e0000000, 0x00000000f0580000, 0x0000000100000000)
  eden space 188416K, 100% used [0x00000000e0000000,0x00000000eb800000,0x00000000eb800000)
  from space 28160K, 79% used [0x00000000eb800000,0x00000000ecdbdfd0,0x00000000ed380000)
  to   space 23552K, 0% used [0x00000000ed380000,0x00000000ed380000,0x00000000eea80000)
 ParOldGen       total 301568K, used 77601K [0x00000000a0000000, 0x00000000b2680000, 0x00000000e0000000)
  object space 301568K, 25% used [0x00000000a0000000,0x00000000a4bc84c8,0x00000000b2680000)
 Metaspace       used 67211K, capacity 70256K, committed 70568K, reserved 1110016K
  class space    used 9098K, capacity 9787K, committed 9896K, reserved 1048576K
Event: 6.398 GC heap after
Heap after GC invocations=17 (full 3):
 PSYoungGen      total 211968K, used 7494K [0x00000000e0000000, 0x00000000f0580000, 0x0000000100000000)
  eden space 188416K, 0% used [0x00000000e0000000,0x00000000e0000000,0x00000000eb800000)
  from space 23552K, 31% used [0x00000000ed380000,0x00000000edad1ab8,0x00000000eea80000)
  to   space 28160K, 0% used [0x00000000eb800000,0x00000000eb800000,0x00000000ed380000)
 ParOldGen       total 301568K, used 97999K [0x00000000a0000000, 0x00000000b2680000, 0x00000000e0000000)
  object space 301568K, 32% used [0x00000000a0000000,0x00000000a5fb3ed8,0x00000000b2680000)
 Metaspace       used 67211K, capacity 70256K, committed 70568K, reserved 1110016K
  class space    used 9098K, capacity 9787K, committed 9896K, reserved 1048576K
}
Event: 6.538 GC heap before
{Heap before GC invocations=18 (full 3):
 PSYoungGen      total 211968K, used 195910K [0x00000000e0000000, 0x00000000f0580000, 0x0000000100000000)
  eden space 188416K, 100% used [0x00000000e0000000,0x00000000eb800000,0x00000000eb800000)
  from space 23552K, 31% used [0x00000000ed380000,0x00000000edad1ab8,0x00000000eea80000)
  to   space 28160K, 0% used [0x00000000eb800000,0x00000000eb800000,0x00000000ed380000)
 ParOldGen       total 301568K, used 97999K [0x00000000a0000000, 0x00000000b2680000, 0x00000000e0000000)
  object space 301568K, 32% used [0x00000000a0000000,0x00000000a5fb3ed8,0x00000000b2680000)
 Metaspace       used 67996K, capacity 70982K, committed 71080K, reserved 1110016K
  class space    used 9155K, capacity 9854K, committed 9896K, reserved 1048576K
Event: 6.544 GC heap after
Heap after GC invocations=18 (full 3):
 PSYoungGen      total 216576K, used 5808K [0x00000000e0000000, 0x00000000f0580000, 0x0000000100000000)
  eden space 188416K, 0% used [0x00000000e0000000,0x00000000e0000000,0x00000000eb800000)
  from space 28160K, 20% used [0x00000000eb800000,0x00000000ebdac0e0,0x00000000ed380000)
  to   space 23552K, 0% used [0x00000000ed380000,0x00000000ed380000,0x00000000eea80000)
 ParOldGen       total 301568K, used 105022K [0x00000000a0000000, 0x00000000b2680000, 0x00000000e0000000)
  object space 301568K, 34% used [0x00000000a0000000,0x00000000a668fb88,0x00000000b2680000)
 Metaspace       used 67996K, capacity 70982K, committed 71080K, reserved 1110016K
  class space    used 9155K, capacity 9854K, committed 9896K, reserved 1048576K
}

